
> book-site-backend@1.0.0 dev
> tsx watch src/index.ts

node:events:496
      throw er; // Unhandled 'error' event
      ^

Error: listen EADDRINUSE: address already in use :::3001
    at Server.setupListenHandle [as _listen2] (node:net:1937:16)
    at listenInCluster (node:net:1994:12)
    at Server.listen (node:net:2099:7)
    at Function.listen (/Users/sethjohnson/Blog_Site/backend/node_modules/express/lib/application.js:635:24)
    at contactRouter (/Users/sethjohnson/Blog_Site/backend/src/index.ts:29:5)
    at Object.<anonymous> (/Users/sethjohnson/Blog_Site/backend/src/index.ts:31:2)
    at Module._compile (node:internal/modules/cjs/loader:1554:14)
    at Object.transformer (/Users/sethjohnson/Blog_Site/backend/node_modules/tsx/dist/register-D46fvsV_.cjs:3:1104)
    at Module.load (node:internal/modules/cjs/loader:1289:32)
    at Function._load (node:internal/modules/cjs/loader:1108:12)
Emitted 'error' event on Server instance at:
    at emitErrorNT (node:net:1973:8)
    at process.processTicksAndRejections (node:internal/process/task_queues:90:21) {
  code: 'EADDRINUSE',
  errno: -48,
  syscall: 'listen',
  address: '::',
  port: 3001
}

Node.js v22.14.0
